Some exception is caught during the processing
java.lang.IllegalArgumentException: Color of flower can't be empty!
	at com.epam.five.flower.Flower.setColor(Flower.java:53) ~[classes/:?]
	at com.epam.five.flower.Florist.main(Florist.java:14) [classes/:?]
Some exception is caught during the processing
java.lang.IllegalArgumentException: Color of flower can't be empty!
	at com.epam.five.flower.Flower.setColor(Flower.java:53) ~[classes/:?]
	at com.epam.five.flower.Florist.main(Florist.java:14) [classes/:?]
Some exception is caught during the processing
java.lang.IllegalArgumentException: Color of flower can't be empty!
	at com.epam.five.flower.Flower.setColor(Flower.java:53) ~[classes/:?]
	at com.epam.five.flower.Florist.main(Florist.java:14) [classes/:?]
Some exception is caught during the processing
java.lang.IllegalArgumentException: Color of flower can't be empty!
	at com.epam.five.flower.Flower.setColor(Flower.java:51) ~[classes/:?]
	at com.epam.five.flower.Florist.main(Florist.java:14) [classes/:?]
Some exception is caught during the processing
java.lang.IllegalArgumentException: Color of flower can't be empty!
	at com.epam.five.flower.Flower.setColor(Flower.java:51) ~[classes/:?]
	at com.epam.five.flower.Florist.main(Florist.java:14) [classes/:?]
Some exception is caught during the processing
java.lang.UnsupportedOperationException
	at java.util.Collections$UnmodifiableList.sort(Unknown Source) ~[?:1.8.0_45]
	at java.util.Collections.sort(Unknown Source) ~[?:1.8.0_45]
	at com.epam.five.flower.service.SortingService.getSortedListByFreshness(SortingService.java:17) ~[classes/:?]
	at com.epam.five.flower.service.Florist.main(Florist.java:30) [classes/:?]
Some exception is caught during the processing
java.lang.RuntimeException: java.io.FileNotFoundException: log\report.txt (Access is denied)
	at com.epam.five.flower.service.ReportWriter.write(ReportWriter.java:39) ~[classes/:?]
	at com.epam.five.flower.service.Florist.main(Florist.java:27) [classes/:?]
Caused by: java.io.FileNotFoundException: log\report.txt (Access is denied)
	at java.io.FileOutputStream.open0(Native Method) ~[?:1.8.0_45]
	at java.io.FileOutputStream.open(Unknown Source) ~[?:1.8.0_45]
	at java.io.FileOutputStream.<init>(Unknown Source) ~[?:1.8.0_45]
	at java.io.FileOutputStream.<init>(Unknown Source) ~[?:1.8.0_45]
	at java.io.PrintWriter.<init>(Unknown Source) ~[?:1.8.0_45]
	at com.epam.five.flower.service.ReportWriter.write(ReportWriter.java:28) ~[classes/:?]
	... 1 more
Some exception is caught during the processing
java.lang.RuntimeException: java.io.FileNotFoundException: log\report.txt (Access is denied)
	at com.epam.five.flower.service.ReportWriter.write(ReportWriter.java:39) ~[classes/:?]
	at com.epam.five.flower.service.Florist.main(Florist.java:27) [classes/:?]
Caused by: java.io.FileNotFoundException: log\report.txt (Access is denied)
	at java.io.FileOutputStream.open0(Native Method) ~[?:1.8.0_45]
	at java.io.FileOutputStream.open(Unknown Source) ~[?:1.8.0_45]
	at java.io.FileOutputStream.<init>(Unknown Source) ~[?:1.8.0_45]
	at java.io.FileOutputStream.<init>(Unknown Source) ~[?:1.8.0_45]
	at java.io.PrintWriter.<init>(Unknown Source) ~[?:1.8.0_45]
	at com.epam.five.flower.service.ReportWriter.write(ReportWriter.java:28) ~[classes/:?]
	... 1 more
